<?xml version="1.0" encoding="UTF-8"?>
<testsuite xmlns:xsi="http://www.w3.org/2001/XMLSchema-instance" xsi:noNamespaceSchemaLocation="https://maven.apache.org/surefire/maven-surefire-plugin/xsd/surefire-test-report-3.0.xsd" version="3.0" name="TestSuite" time="77.751" tests="1" errors="0" skipped="0" failures="0">
  <properties>
[...]
</properties>
  <testcase name="testMainPage[iamtrello128@gmail.com, Admin123$, test, FirstBoard, NewCard](1)" classname="TestScripts.TestCases" time="66.712">
    <system-out><![CDATA[total rows = 1
iamtrello128@gmail.com | Admin123$ | test | FirstBoard | NewCard | 
excelData = [[iamtrello128@gmail.com, Admin123$, test, FirstBoard, NewCard]]
home page url = https://id.atlassian.com/login?application=trello&continue=https%3A%2F%2Ftrello.com%2Fauth%2Fatlassian%2Fcallback%3FreturnUrl%3D%252F%26display%3D&email=iamtrello128%40gmail.com&errorCode&login_hint=iamtrello128%40gmail.com&restrict=true
All Boards = []
Number of Boards = 0
workspacessize = 0
workspacessize = 1
el tagname = a
Span class = TEST
boardsInWorkSpace size = 1
inside boards arrayList
board title = FirstBoard
boardName = FirstBoard
cards page url = https://trello.com/b/oulIMD5b/firstboard
c1
itemsList Size = 3
sizeOfExistingCards = 32
Proceeding for validation of card added
updated card list size = 33
updated cards class name = list-card js-member-droppable ui-droppable
updated cards class name = list-card js-member-droppable ui-droppable
updated cards class name = list-card js-member-droppable ui-droppable
updated cards class name = list-card js-member-droppable ui-droppable
updated cards class name = list-card js-member-droppable ui-droppable
updated cards class name = list-card js-member-droppable ui-droppable
updated cards class name = list-card js-member-droppable ui-droppable
updated cards class name = list-card js-member-droppable ui-droppable
updated cards class name = list-card js-member-droppable ui-droppable
updated cards class name = list-card js-member-droppable ui-droppable
updated cards class name = list-card js-member-droppable ui-droppable
updated cards class name = list-card js-member-droppable ui-droppable
updated cards class name = list-card js-member-droppable ui-droppable
updated cards class name = list-card js-member-droppable ui-droppable
updated cards class name = list-card js-member-droppable ui-droppable
updated cards class name = list-card js-member-droppable ui-droppable
updated cards class name = list-card js-member-droppable ui-droppable
updated cards class name = list-card js-member-droppable ui-droppable
updated cards class name = list-card js-member-droppable ui-droppable
updated cards class name = list-card js-member-droppable ui-droppable
updated cards class name = list-card js-member-droppable ui-droppable
updated cards class name = list-card js-member-droppable ui-droppable
updated cards class name = list-card js-member-droppable ui-droppable
updated cards class name = list-card js-member-droppable ui-droppable
updated cards class name = list-card js-member-droppable ui-droppable
updated cards class name = list-card js-member-droppable ui-droppable
updated cards class name = list-card js-member-droppable ui-droppable
updated cards class name = list-card js-member-droppable ui-droppable
updated cards class name = list-card js-member-droppable ui-droppable
updated cards class name = list-card js-member-droppable ui-droppable
updated cards class name = list-card js-member-droppable ui-droppable
updated cards class name = list-card js-member-droppable ui-droppable
updated cards class name = list-card js-member-droppable ui-droppable
]]></system-out>
    <system-err><![CDATA[SLF4J: Failed to load class "org.slf4j.impl.StaticLoggerBinder".
SLF4J: Defaulting to no-operation (NOP) logger implementation
SLF4J: See http://www.slf4j.org/codes.html#StaticLoggerBinder for further details.
1618367815091	geckodriver	INFO	Listening on 127.0.0.1:34821
1618367815993	mozrunner::runner	INFO	Running command: "C:\\Program Files\\Mozilla Firefox\\firefox.exe" "--marionette" "-headless" "-foreground" "-no-remote" "-profile" "C:\\Users\\JATINB~1\\AppData\\Local\\Temp\\rust_mozprofileF52CFA"
*** You are running in headless mode.
console.warn: SearchSettings: "get: No settings file exists, new profile?" (new Error("", "(unknown module)"))
1618367819311	Marionette	INFO	Listening on port 52926
1618367819713	Marionette	WARN	TLS certificate errors will be ignored for this session
Apr 13, 2021 10:36:59 PM org.openqa.selenium.remote.ProtocolHandshake createSession
INFO: Detected dialect: W3C
1618367838774	Marionette	WARN	TimedPromise timed out after 500 ms: stacktrace:
TimedPromise/<@chrome://marionette/content/sync.js:231:19
TimedPromise@chrome://marionette/content/sync.js:216:10
interaction.flushEventLoop@chrome://marionette/content/interaction.js:433:10
webdriverClickElement@chrome://marionette/content/interaction.js:179:31
1618367849937	Marionette	WARN	Ignoring event 'DOMContentLoaded' because document has an invalid readyState of 'complete'.
1618367852054	Marionette	WARN	Ignoring event 'DOMContentLoaded' because document has an invalid readyState of 'complete'.
]]></system-err>
  </testcase>
</testsuite>