<?xml version="1.0" encoding="UTF-8"?>
<testng-results total="1" passed="1" failed="0" skipped="0">
  <reporter-output>
  </reporter-output>
  <suite started-at="2021-04-13T21:45:28Z" name="Suite" finished-at="2021-04-13T21:46:14Z" duration-ms="45860">
    <groups>
    </groups>
    <test started-at="2021-04-13T21:45:28Z" name="BrowserUiInterfaceTest" finished-at="2021-04-13T21:46:14Z" duration-ms="45860">
      <class name="TestScripts.TestCases">
        <test-method is-config="true" signature="setUp(java.lang.String)[pri:0, instance:TestScripts.TestCases@5a85c92]" started-at="2021-04-13T17:45:29Z" name="setUp" finished-at="2021-04-13T17:45:35Z" duration-ms="5767" status="PASS">
          <params>
            <param index="0">
              <value>
                <![CDATA[firefox]]>
              </value>
            </param>
          </params>
          <reporter-output>
          </reporter-output>
        </test-method> <!-- setUp -->
        <test-method signature="testMainPage(java.lang.String, java.lang.String, java.lang.String, java.lang.String, java.lang.String)[pri:0, instance:TestScripts.TestCases@5a85c92]" started-at="2021-04-13T17:45:35Z" name="testMainPage" data-provider="data-provider" finished-at="2021-04-13T17:46:14Z" duration-ms="39281" status="PASS">
          <params>
            <param index="0">
              <value>
                <![CDATA[iamtrello128@gmail.com]]>
              </value>
            </param>
            <param index="1">
              <value>
                <![CDATA[Admin123$]]>
              </value>
            </param>
            <param index="2">
              <value>
                <![CDATA[test]]>
              </value>
            </param>
            <param index="3">
              <value>
                <![CDATA[FirstBoard]]>
              </value>
            </param>
            <param index="4">
              <value>
                <![CDATA[NewCard]]>
              </value>
            </param>
          </params>
          <reporter-output>
          </reporter-output>
        </test-method> <!-- testMainPage -->
      </class> <!-- TestScripts.TestCases -->
    </test> <!-- BrowserUiInterfaceTest -->
  </suite> <!-- Suite -->
</testng-results>
